G75*
%MOIN*%
%OFA0B0*%
%FSLAX25Y25*%
%IPPOS*%
%LPD*%
%AMOC8*
5,1,8,0,0,1.08239X$1,22.5*
%
%ADD10C,0.00000*%
D10*
X0004500Y0007000D02*
X0004500Y0179992D01*
X0198161Y0179992D01*
X0198161Y0007000D01*
X0004500Y0007000D01*
X0011980Y0021961D02*
X0011982Y0022114D01*
X0011988Y0022268D01*
X0011998Y0022421D01*
X0012012Y0022573D01*
X0012030Y0022726D01*
X0012052Y0022877D01*
X0012077Y0023028D01*
X0012107Y0023179D01*
X0012141Y0023329D01*
X0012178Y0023477D01*
X0012219Y0023625D01*
X0012264Y0023771D01*
X0012313Y0023917D01*
X0012366Y0024061D01*
X0012422Y0024203D01*
X0012482Y0024344D01*
X0012546Y0024484D01*
X0012613Y0024622D01*
X0012684Y0024758D01*
X0012759Y0024892D01*
X0012836Y0025024D01*
X0012918Y0025154D01*
X0013002Y0025282D01*
X0013090Y0025408D01*
X0013181Y0025531D01*
X0013275Y0025652D01*
X0013373Y0025770D01*
X0013473Y0025886D01*
X0013577Y0025999D01*
X0013683Y0026110D01*
X0013792Y0026218D01*
X0013904Y0026323D01*
X0014018Y0026424D01*
X0014136Y0026523D01*
X0014255Y0026619D01*
X0014377Y0026712D01*
X0014502Y0026801D01*
X0014629Y0026888D01*
X0014758Y0026970D01*
X0014889Y0027050D01*
X0015022Y0027126D01*
X0015157Y0027199D01*
X0015294Y0027268D01*
X0015433Y0027333D01*
X0015573Y0027395D01*
X0015715Y0027453D01*
X0015858Y0027508D01*
X0016003Y0027559D01*
X0016149Y0027606D01*
X0016296Y0027649D01*
X0016444Y0027688D01*
X0016593Y0027724D01*
X0016743Y0027755D01*
X0016894Y0027783D01*
X0017045Y0027807D01*
X0017198Y0027827D01*
X0017350Y0027843D01*
X0017503Y0027855D01*
X0017656Y0027863D01*
X0017809Y0027867D01*
X0017963Y0027867D01*
X0018116Y0027863D01*
X0018269Y0027855D01*
X0018422Y0027843D01*
X0018574Y0027827D01*
X0018727Y0027807D01*
X0018878Y0027783D01*
X0019029Y0027755D01*
X0019179Y0027724D01*
X0019328Y0027688D01*
X0019476Y0027649D01*
X0019623Y0027606D01*
X0019769Y0027559D01*
X0019914Y0027508D01*
X0020057Y0027453D01*
X0020199Y0027395D01*
X0020339Y0027333D01*
X0020478Y0027268D01*
X0020615Y0027199D01*
X0020750Y0027126D01*
X0020883Y0027050D01*
X0021014Y0026970D01*
X0021143Y0026888D01*
X0021270Y0026801D01*
X0021395Y0026712D01*
X0021517Y0026619D01*
X0021636Y0026523D01*
X0021754Y0026424D01*
X0021868Y0026323D01*
X0021980Y0026218D01*
X0022089Y0026110D01*
X0022195Y0025999D01*
X0022299Y0025886D01*
X0022399Y0025770D01*
X0022497Y0025652D01*
X0022591Y0025531D01*
X0022682Y0025408D01*
X0022770Y0025282D01*
X0022854Y0025154D01*
X0022936Y0025024D01*
X0023013Y0024892D01*
X0023088Y0024758D01*
X0023159Y0024622D01*
X0023226Y0024484D01*
X0023290Y0024344D01*
X0023350Y0024203D01*
X0023406Y0024061D01*
X0023459Y0023917D01*
X0023508Y0023771D01*
X0023553Y0023625D01*
X0023594Y0023477D01*
X0023631Y0023329D01*
X0023665Y0023179D01*
X0023695Y0023028D01*
X0023720Y0022877D01*
X0023742Y0022726D01*
X0023760Y0022573D01*
X0023774Y0022421D01*
X0023784Y0022268D01*
X0023790Y0022114D01*
X0023792Y0021961D01*
X0023790Y0021808D01*
X0023784Y0021654D01*
X0023774Y0021501D01*
X0023760Y0021349D01*
X0023742Y0021196D01*
X0023720Y0021045D01*
X0023695Y0020894D01*
X0023665Y0020743D01*
X0023631Y0020593D01*
X0023594Y0020445D01*
X0023553Y0020297D01*
X0023508Y0020151D01*
X0023459Y0020005D01*
X0023406Y0019861D01*
X0023350Y0019719D01*
X0023290Y0019578D01*
X0023226Y0019438D01*
X0023159Y0019300D01*
X0023088Y0019164D01*
X0023013Y0019030D01*
X0022936Y0018898D01*
X0022854Y0018768D01*
X0022770Y0018640D01*
X0022682Y0018514D01*
X0022591Y0018391D01*
X0022497Y0018270D01*
X0022399Y0018152D01*
X0022299Y0018036D01*
X0022195Y0017923D01*
X0022089Y0017812D01*
X0021980Y0017704D01*
X0021868Y0017599D01*
X0021754Y0017498D01*
X0021636Y0017399D01*
X0021517Y0017303D01*
X0021395Y0017210D01*
X0021270Y0017121D01*
X0021143Y0017034D01*
X0021014Y0016952D01*
X0020883Y0016872D01*
X0020750Y0016796D01*
X0020615Y0016723D01*
X0020478Y0016654D01*
X0020339Y0016589D01*
X0020199Y0016527D01*
X0020057Y0016469D01*
X0019914Y0016414D01*
X0019769Y0016363D01*
X0019623Y0016316D01*
X0019476Y0016273D01*
X0019328Y0016234D01*
X0019179Y0016198D01*
X0019029Y0016167D01*
X0018878Y0016139D01*
X0018727Y0016115D01*
X0018574Y0016095D01*
X0018422Y0016079D01*
X0018269Y0016067D01*
X0018116Y0016059D01*
X0017963Y0016055D01*
X0017809Y0016055D01*
X0017656Y0016059D01*
X0017503Y0016067D01*
X0017350Y0016079D01*
X0017198Y0016095D01*
X0017045Y0016115D01*
X0016894Y0016139D01*
X0016743Y0016167D01*
X0016593Y0016198D01*
X0016444Y0016234D01*
X0016296Y0016273D01*
X0016149Y0016316D01*
X0016003Y0016363D01*
X0015858Y0016414D01*
X0015715Y0016469D01*
X0015573Y0016527D01*
X0015433Y0016589D01*
X0015294Y0016654D01*
X0015157Y0016723D01*
X0015022Y0016796D01*
X0014889Y0016872D01*
X0014758Y0016952D01*
X0014629Y0017034D01*
X0014502Y0017121D01*
X0014377Y0017210D01*
X0014255Y0017303D01*
X0014136Y0017399D01*
X0014018Y0017498D01*
X0013904Y0017599D01*
X0013792Y0017704D01*
X0013683Y0017812D01*
X0013577Y0017923D01*
X0013473Y0018036D01*
X0013373Y0018152D01*
X0013275Y0018270D01*
X0013181Y0018391D01*
X0013090Y0018514D01*
X0013002Y0018640D01*
X0012918Y0018768D01*
X0012836Y0018898D01*
X0012759Y0019030D01*
X0012684Y0019164D01*
X0012613Y0019300D01*
X0012546Y0019438D01*
X0012482Y0019578D01*
X0012422Y0019719D01*
X0012366Y0019861D01*
X0012313Y0020005D01*
X0012264Y0020151D01*
X0012219Y0020297D01*
X0012178Y0020445D01*
X0012141Y0020593D01*
X0012107Y0020743D01*
X0012077Y0020894D01*
X0012052Y0021045D01*
X0012030Y0021196D01*
X0012012Y0021349D01*
X0011998Y0021501D01*
X0011988Y0021654D01*
X0011982Y0021808D01*
X0011980Y0021961D01*
M02*
