G04 EAGLE Gerber X2 export*
%TF.Part,Single*%
%TF.FileFunction,Other,outline*%
%TF.FilePolarity,Positive*%
%TF.GenerationSoftware,Autodesk,EAGLE,8.7.1*%
%TF.CreationDate,2018-04-25T07:09:38Z*%
G75*
%MOMM*%
%FSLAX34Y34*%
%LPD*%
%AMOC8*
5,1,8,0,0,1.08239X$1,22.5*%
G01*
%ADD10C,0.000000*%


D10*
X0Y0D02*
X491900Y0D01*
X491900Y439400D01*
X0Y439400D01*
X0Y0D01*
X19000Y38000D02*
X19005Y38368D01*
X19018Y38736D01*
X19041Y39103D01*
X19072Y39470D01*
X19113Y39836D01*
X19162Y40201D01*
X19221Y40564D01*
X19288Y40926D01*
X19364Y41287D01*
X19450Y41645D01*
X19543Y42001D01*
X19646Y42354D01*
X19757Y42705D01*
X19877Y43053D01*
X20005Y43398D01*
X20142Y43740D01*
X20287Y44079D01*
X20440Y44413D01*
X20602Y44744D01*
X20771Y45071D01*
X20949Y45393D01*
X21134Y45712D01*
X21327Y46025D01*
X21528Y46334D01*
X21736Y46637D01*
X21952Y46935D01*
X22175Y47228D01*
X22405Y47516D01*
X22642Y47798D01*
X22886Y48073D01*
X23136Y48343D01*
X23393Y48607D01*
X23657Y48864D01*
X23927Y49114D01*
X24202Y49358D01*
X24484Y49595D01*
X24772Y49825D01*
X25065Y50048D01*
X25363Y50264D01*
X25666Y50472D01*
X25975Y50673D01*
X26288Y50866D01*
X26607Y51051D01*
X26929Y51229D01*
X27256Y51398D01*
X27587Y51560D01*
X27921Y51713D01*
X28260Y51858D01*
X28602Y51995D01*
X28947Y52123D01*
X29295Y52243D01*
X29646Y52354D01*
X29999Y52457D01*
X30355Y52550D01*
X30713Y52636D01*
X31074Y52712D01*
X31436Y52779D01*
X31799Y52838D01*
X32164Y52887D01*
X32530Y52928D01*
X32897Y52959D01*
X33264Y52982D01*
X33632Y52995D01*
X34000Y53000D01*
X34368Y52995D01*
X34736Y52982D01*
X35103Y52959D01*
X35470Y52928D01*
X35836Y52887D01*
X36201Y52838D01*
X36564Y52779D01*
X36926Y52712D01*
X37287Y52636D01*
X37645Y52550D01*
X38001Y52457D01*
X38354Y52354D01*
X38705Y52243D01*
X39053Y52123D01*
X39398Y51995D01*
X39740Y51858D01*
X40079Y51713D01*
X40413Y51560D01*
X40744Y51398D01*
X41071Y51229D01*
X41393Y51051D01*
X41712Y50866D01*
X42025Y50673D01*
X42334Y50472D01*
X42637Y50264D01*
X42935Y50048D01*
X43228Y49825D01*
X43516Y49595D01*
X43798Y49358D01*
X44073Y49114D01*
X44343Y48864D01*
X44607Y48607D01*
X44864Y48343D01*
X45114Y48073D01*
X45358Y47798D01*
X45595Y47516D01*
X45825Y47228D01*
X46048Y46935D01*
X46264Y46637D01*
X46472Y46334D01*
X46673Y46025D01*
X46866Y45712D01*
X47051Y45393D01*
X47229Y45071D01*
X47398Y44744D01*
X47560Y44413D01*
X47713Y44079D01*
X47858Y43740D01*
X47995Y43398D01*
X48123Y43053D01*
X48243Y42705D01*
X48354Y42354D01*
X48457Y42001D01*
X48550Y41645D01*
X48636Y41287D01*
X48712Y40926D01*
X48779Y40564D01*
X48838Y40201D01*
X48887Y39836D01*
X48928Y39470D01*
X48959Y39103D01*
X48982Y38736D01*
X48995Y38368D01*
X49000Y38000D01*
X48995Y37632D01*
X48982Y37264D01*
X48959Y36897D01*
X48928Y36530D01*
X48887Y36164D01*
X48838Y35799D01*
X48779Y35436D01*
X48712Y35074D01*
X48636Y34713D01*
X48550Y34355D01*
X48457Y33999D01*
X48354Y33646D01*
X48243Y33295D01*
X48123Y32947D01*
X47995Y32602D01*
X47858Y32260D01*
X47713Y31921D01*
X47560Y31587D01*
X47398Y31256D01*
X47229Y30929D01*
X47051Y30607D01*
X46866Y30288D01*
X46673Y29975D01*
X46472Y29666D01*
X46264Y29363D01*
X46048Y29065D01*
X45825Y28772D01*
X45595Y28484D01*
X45358Y28202D01*
X45114Y27927D01*
X44864Y27657D01*
X44607Y27393D01*
X44343Y27136D01*
X44073Y26886D01*
X43798Y26642D01*
X43516Y26405D01*
X43228Y26175D01*
X42935Y25952D01*
X42637Y25736D01*
X42334Y25528D01*
X42025Y25327D01*
X41712Y25134D01*
X41393Y24949D01*
X41071Y24771D01*
X40744Y24602D01*
X40413Y24440D01*
X40079Y24287D01*
X39740Y24142D01*
X39398Y24005D01*
X39053Y23877D01*
X38705Y23757D01*
X38354Y23646D01*
X38001Y23543D01*
X37645Y23450D01*
X37287Y23364D01*
X36926Y23288D01*
X36564Y23221D01*
X36201Y23162D01*
X35836Y23113D01*
X35470Y23072D01*
X35103Y23041D01*
X34736Y23018D01*
X34368Y23005D01*
X34000Y23000D01*
X33632Y23005D01*
X33264Y23018D01*
X32897Y23041D01*
X32530Y23072D01*
X32164Y23113D01*
X31799Y23162D01*
X31436Y23221D01*
X31074Y23288D01*
X30713Y23364D01*
X30355Y23450D01*
X29999Y23543D01*
X29646Y23646D01*
X29295Y23757D01*
X28947Y23877D01*
X28602Y24005D01*
X28260Y24142D01*
X27921Y24287D01*
X27587Y24440D01*
X27256Y24602D01*
X26929Y24771D01*
X26607Y24949D01*
X26288Y25134D01*
X25975Y25327D01*
X25666Y25528D01*
X25363Y25736D01*
X25065Y25952D01*
X24772Y26175D01*
X24484Y26405D01*
X24202Y26642D01*
X23927Y26886D01*
X23657Y27136D01*
X23393Y27393D01*
X23136Y27657D01*
X22886Y27927D01*
X22642Y28202D01*
X22405Y28484D01*
X22175Y28772D01*
X21952Y29065D01*
X21736Y29363D01*
X21528Y29666D01*
X21327Y29975D01*
X21134Y30288D01*
X20949Y30607D01*
X20771Y30929D01*
X20602Y31256D01*
X20440Y31587D01*
X20287Y31921D01*
X20142Y32260D01*
X20005Y32602D01*
X19877Y32947D01*
X19757Y33295D01*
X19646Y33646D01*
X19543Y33999D01*
X19450Y34355D01*
X19364Y34713D01*
X19288Y35074D01*
X19221Y35436D01*
X19162Y35799D01*
X19113Y36164D01*
X19072Y36530D01*
X19041Y36897D01*
X19018Y37264D01*
X19005Y37632D01*
X19000Y38000D01*
M02*
